2021-07-16 18:05:49.472872: Фото "79.jpg" загружено на локальный диск в папку /Users/sergeyvolodin/projects/python/vk_diploma/downloads 
2021-07-16 18:05:50.050846: Фото "45.jpg" загружено на локальный диск в папку /Users/sergeyvolodin/projects/python/vk_diploma/downloads 
2021-07-16 18:05:50.596286: Фото "10.jpg" загружено на локальный диск в папку /Users/sergeyvolodin/projects/python/vk_diploma/downloads 
2021-07-16 18:05:51.203881: Фото "32.jpg" загружено на локальный диск в папку /Users/sergeyvolodin/projects/python/vk_diploma/downloads 
2021-07-16 18:05:51.708532: Фото "32_2015-01-14.jpg" загружено на локальный диск в папку /Users/sergeyvolodin/projects/python/vk_diploma/downloads 
2021-07-16 18:05:52.186793: Фото "50.jpg" загружено на локальный диск в папку /Users/sergeyvolodin/projects/python/vk_diploma/downloads 
2021-07-16 18:05:53.045692: Фото "36.jpg" загружено на локальный диск в папку /Users/sergeyvolodin/projects/python/vk_diploma/downloads 
2021-07-16 18:05:53.640316: Фото "33.jpg" загружено на локальный диск в папку /Users/sergeyvolodin/projects/python/vk_diploma/downloads 
2021-07-16 18:05:54.164893: Фото "37.jpg" загружено на локальный диск в папку /Users/sergeyvolodin/projects/python/vk_diploma/downloads 
2021-07-16 18:05:54.640933: Фото "18_2017-12-28.jpg" загружено на локальный диск в папку /Users/sergeyvolodin/projects/python/vk_diploma/downloads 
2021-07-16 18:05:55.094982: Фото "22.jpg" загружено на локальный диск в папку /Users/sergeyvolodin/projects/python/vk_diploma/downloads 
2021-07-16 18:05:55.598139: Фото "41.jpg" загружено на локальный диск в папку /Users/sergeyvolodin/projects/python/vk_diploma/downloads 
2021-07-16 18:05:56.204995: Фото "37_2012-07-15.jpg" загружено на локальный диск в папку /Users/sergeyvolodin/projects/python/vk_diploma/downloads 
2021-07-16 18:05:56.573846: Фото "13.jpg" загружено на локальный диск в папку /Users/sergeyvolodin/projects/python/vk_diploma/downloads 
2021-07-16 18:05:57.041218: Фото "18.jpg" загружено на локальный диск в папку /Users/sergeyvolodin/projects/python/vk_diploma/downloads 
2021-07-16 18:05:57.779274: Фото "12.jpg" загружено на локальный диск в папку /Users/sergeyvolodin/projects/python/vk_diploma/downloads 
2021-07-16 18:05:58.308091: Фото "21.jpg" загружено на локальный диск в папку /Users/sergeyvolodin/projects/python/vk_diploma/downloads 
2021-07-16 18:06:02.707141: Фото "79.jpg" загружено на Yandex.Disk в папку test 
2021-07-16 18:06:06.983403: Фото "45.jpg" загружено на Yandex.Disk в папку test 
2021-07-16 18:06:10.222970: Фото "10.jpg" загружено на Yandex.Disk в папку test 
2021-07-16 18:06:14.274426: Фото "32.jpg" загружено на Yandex.Disk в папку test 
2021-07-16 18:06:16.161232: Фото "32_2015-01-14.jpg" загружено на Yandex.Disk в папку test 
2021-07-17 08:42:58.522604: Фото "79.jpg" загружено на локальный диск в папку /Users/sergeyvolodin/projects/python/vk_diploma/downloads 
2021-07-17 10:03:45.285409: Фото "79.jpg" загружено на локальный диск в папку /Users/sergeyvolodin/projects/python/vk_diploma/downloads 
2021-07-17 10:03:45.900069: Фото "45.jpg" загружено на локальный диск в папку /Users/sergeyvolodin/projects/python/vk_diploma/downloads 
2021-07-17 10:03:46.560564: Фото "10.jpg" загружено на локальный диск в папку /Users/sergeyvolodin/projects/python/vk_diploma/downloads 
2021-07-17 10:03:47.161863: Фото "32.jpg" загружено на локальный диск в папку /Users/sergeyvolodin/projects/python/vk_diploma/downloads 
2021-07-17 10:03:47.720103: Фото "32_2015-01-14.jpg" загружено на локальный диск в папку /Users/sergeyvolodin/projects/python/vk_diploma/downloads 
2021-07-17 10:03:48.388711: Фото "50.jpg" загружено на локальный диск в папку /Users/sergeyvolodin/projects/python/vk_diploma/downloads 
2021-07-17 10:03:48.971494: Фото "36.jpg" загружено на локальный диск в папку /Users/sergeyvolodin/projects/python/vk_diploma/downloads 
2021-07-17 10:03:49.615580: Фото "33.jpg" загружено на локальный диск в папку /Users/sergeyvolodin/projects/python/vk_diploma/downloads 
2021-07-17 10:03:50.249590: Фото "37.jpg" загружено на локальный диск в папку /Users/sergeyvolodin/projects/python/vk_diploma/downloads 
2021-07-17 10:03:50.753287: Фото "18_2017-12-28.jpg" загружено на локальный диск в папку /Users/sergeyvolodin/projects/python/vk_diploma/downloads 
2021-07-17 10:03:51.301451: Фото "22.jpg" загружено на локальный диск в папку /Users/sergeyvolodin/projects/python/vk_diploma/downloads 
2021-07-17 10:03:51.783585: Фото "41.jpg" загружено на локальный диск в папку /Users/sergeyvolodin/projects/python/vk_diploma/downloads 
2021-07-17 10:03:52.454668: Фото "37_2012-07-15.jpg" загружено на локальный диск в папку /Users/sergeyvolodin/projects/python/vk_diploma/downloads 
2021-07-17 10:03:52.861356: Фото "13.jpg" загружено на локальный диск в папку /Users/sergeyvolodin/projects/python/vk_diploma/downloads 
2021-07-17 10:03:53.434585: Фото "18.jpg" загружено на локальный диск в папку /Users/sergeyvolodin/projects/python/vk_diploma/downloads 
2021-07-17 10:03:54.279442: Фото "12.jpg" загружено на локальный диск в папку /Users/sergeyvolodin/projects/python/vk_diploma/downloads 
2021-07-17 10:03:54.904016: Фото "21.jpg" загружено на локальный диск в папку /Users/sergeyvolodin/projects/python/vk_diploma/downloads 
2021-07-17 10:03:57.573266: Фото "79.jpg" загружено на Yandex.Disk в папку test 
2021-07-17 10:04:00.965741: Фото "45.jpg" загружено на Yandex.Disk в папку test 
2021-07-17 10:04:07.299955: Фото "10.jpg" загружено на Yandex.Disk в папку test 
2021-07-17 10:04:10.046564: Фото "32.jpg" загружено на Yandex.Disk в папку test 
2021-07-17 10:04:13.302392: Фото "32_2015-01-14.jpg" загружено на Yandex.Disk в папку test 
2021-07-17 10:08:39.558839: Фото "79.jpg" загружено на локальный диск в папку /Users/sergeyvolodin/projects/python/vk_diploma/downloads 
2021-07-17 10:08:40.114808: Фото "45.jpg" загружено на локальный диск в папку /Users/sergeyvolodin/projects/python/vk_diploma/downloads 
2021-07-17 10:08:40.656460: Фото "10.jpg" загружено на локальный диск в папку /Users/sergeyvolodin/projects/python/vk_diploma/downloads 
2021-07-17 10:08:41.153115: Фото "32.jpg" загружено на локальный диск в папку /Users/sergeyvolodin/projects/python/vk_diploma/downloads 
2021-07-17 10:08:41.738453: Фото "32_2015-01-14.jpg" загружено на локальный диск в папку /Users/sergeyvolodin/projects/python/vk_diploma/downloads 
2021-07-17 10:08:42.237639: Фото "50.jpg" загружено на локальный диск в папку /Users/sergeyvolodin/projects/python/vk_diploma/downloads 
2021-07-17 10:08:42.830651: Фото "36.jpg" загружено на локальный диск в папку /Users/sergeyvolodin/projects/python/vk_diploma/downloads 
2021-07-17 10:08:43.413499: Фото "33.jpg" загружено на локальный диск в папку /Users/sergeyvolodin/projects/python/vk_diploma/downloads 
2021-07-17 10:08:44.012414: Фото "37.jpg" загружено на локальный диск в папку /Users/sergeyvolodin/projects/python/vk_diploma/downloads 
2021-07-17 10:08:44.565774: Фото "18_2017-12-28.jpg" загружено на локальный диск в папку /Users/sergeyvolodin/projects/python/vk_diploma/downloads 
2021-07-17 10:08:44.970730: Фото "22.jpg" загружено на локальный диск в папку /Users/sergeyvolodin/projects/python/vk_diploma/downloads 
2021-07-17 10:08:45.531592: Фото "41.jpg" загружено на локальный диск в папку /Users/sergeyvolodin/projects/python/vk_diploma/downloads 
2021-07-17 10:08:46.171633: Фото "37_2012-07-15.jpg" загружено на локальный диск в папку /Users/sergeyvolodin/projects/python/vk_diploma/downloads 
2021-07-17 10:08:46.656418: Фото "13.jpg" загружено на локальный диск в папку /Users/sergeyvolodin/projects/python/vk_diploma/downloads 
2021-07-17 10:08:47.121750: Фото "18.jpg" загружено на локальный диск в папку /Users/sergeyvolodin/projects/python/vk_diploma/downloads 
2021-07-17 10:08:47.942171: Фото "12.jpg" загружено на локальный диск в папку /Users/sergeyvolodin/projects/python/vk_diploma/downloads 
2021-07-17 10:08:48.416285: Фото "21.jpg" загружено на локальный диск в папку /Users/sergeyvolodin/projects/python/vk_diploma/downloads 
2021-07-17 10:08:52.352356: Фото "79.jpg" загружено на Yandex.Disk в папку test 
2021-07-17 10:08:55.101660: Фото "45.jpg" загружено на Yandex.Disk в папку test 
2021-07-17 10:08:57.311178: Фото "10.jpg" загружено на Yandex.Disk в папку test 
2021-07-17 10:08:59.873919: Фото "32.jpg" загружено на Yandex.Disk в папку test 
2021-07-17 10:09:02.451528: Фото "32_2015-01-14.jpg" загружено на Yandex.Disk в папку test 
2021-07-17 19:47:39.569784: Фото "16.jpg" загружено на локальный диск в папку /Users/sergeyvolodin/projects/python/vk_diploma/downloads 
2021-07-17 19:47:40.050620: Фото "15.jpg" загружено на локальный диск в папку /Users/sergeyvolodin/projects/python/vk_diploma/downloads 
2021-07-17 19:47:42.983109: Фото "16.jpg" загружено на Yandex.Disk в папку test 
2021-07-17 19:47:44.768312: Фото "15.jpg" загружено на Yandex.Disk в папку test 
2021-07-17 19:48:07.033964: Фото "79.jpg" загружено на локальный диск в папку /Users/sergeyvolodin/projects/python/vk_diploma/downloads 
2021-07-17 19:48:07.729374: Фото "45.jpg" загружено на локальный диск в папку /Users/sergeyvolodin/projects/python/vk_diploma/downloads 
2021-07-17 19:48:08.347642: Фото "10.jpg" загружено на локальный диск в папку /Users/sergeyvolodin/projects/python/vk_diploma/downloads 
2021-07-17 19:48:08.920756: Фото "32.jpg" загружено на локальный диск в папку /Users/sergeyvolodin/projects/python/vk_diploma/downloads 
2021-07-17 19:48:09.522880: Фото "32_2015-01-14.jpg" загружено на локальный диск в папку /Users/sergeyvolodin/projects/python/vk_diploma/downloads 
2021-07-17 19:48:10.128757: Фото "50.jpg" загружено на локальный диск в папку /Users/sergeyvolodin/projects/python/vk_diploma/downloads 
2021-07-17 19:48:10.805891: Фото "36.jpg" загружено на локальный диск в папку /Users/sergeyvolodin/projects/python/vk_diploma/downloads 
2021-07-17 19:48:11.448971: Фото "33.jpg" загружено на локальный диск в папку /Users/sergeyvolodin/projects/python/vk_diploma/downloads 
2021-07-17 19:48:12.017727: Фото "37.jpg" загружено на локальный диск в папку /Users/sergeyvolodin/projects/python/vk_diploma/downloads 
2021-07-17 19:48:12.469732: Фото "18_2017-12-28.jpg" загружено на локальный диск в папку /Users/sergeyvolodin/projects/python/vk_diploma/downloads 
2021-07-17 19:48:12.902922: Фото "22.jpg" загружено на локальный диск в папку /Users/sergeyvolodin/projects/python/vk_diploma/downloads 
2021-07-17 19:48:13.388141: Фото "41.jpg" загружено на локальный диск в папку /Users/sergeyvolodin/projects/python/vk_diploma/downloads 
2021-07-17 19:48:14.071060: Фото "37_2012-07-15.jpg" загружено на локальный диск в папку /Users/sergeyvolodin/projects/python/vk_diploma/downloads 
2021-07-17 19:48:14.473485: Фото "13.jpg" загружено на локальный диск в папку /Users/sergeyvolodin/projects/python/vk_diploma/downloads 
2021-07-17 19:48:15.002897: Фото "18.jpg" загружено на локальный диск в папку /Users/sergeyvolodin/projects/python/vk_diploma/downloads 
2021-07-17 19:48:15.787453: Фото "12.jpg" загружено на локальный диск в папку /Users/sergeyvolodin/projects/python/vk_diploma/downloads 
2021-07-17 19:48:16.411625: Фото "21.jpg" загружено на локальный диск в папку /Users/sergeyvolodin/projects/python/vk_diploma/downloads 
2021-07-17 19:48:19.586855: Фото "79.jpg" загружено на Yandex.Disk в папку test 
2021-07-17 19:48:26.829338: Фото "45.jpg" загружено на Yandex.Disk в папку test 
2021-07-17 19:48:28.875909: Фото "10.jpg" загружено на Yandex.Disk в папку test 
2021-07-17 19:48:32.467490: Фото "32.jpg" загружено на Yandex.Disk в папку test 
2021-07-17 19:48:35.328745: Фото "32_2015-01-14.jpg" загружено на Yandex.Disk в папку test 
2021-07-17 20:01:56.851317: Фото "5_2014-09-21.jpg" загружено на локальный диск в папку /Users/sergeyvolodin/projects/python/vk_diploma/202963237 
2021-07-17 20:01:57.544587: Фото "3_2014-09-21.jpg" загружено на локальный диск в папку /Users/sergeyvolodin/projects/python/vk_diploma/202963237 
2021-07-17 20:01:58.208382: Фото "3_2014-09-21.jpg" загружено на локальный диск в папку /Users/sergeyvolodin/projects/python/vk_diploma/202963237 
2021-07-17 20:01:58.810516: Фото "3_2014-09-21.jpg" загружено на локальный диск в папку /Users/sergeyvolodin/projects/python/vk_diploma/202963237 
2021-07-17 20:01:59.440956: Фото "1_2014-09-21.jpg" загружено на локальный диск в папку /Users/sergeyvolodin/projects/python/vk_diploma/202963237 
2021-07-17 20:02:00.126431: Фото "2_2014-09-21.jpg" загружено на локальный диск в папку /Users/sergeyvolodin/projects/python/vk_diploma/202963237 
2021-07-17 20:02:00.748407: Фото "4_2014-09-21.jpg" загружено на локальный диск в папку /Users/sergeyvolodin/projects/python/vk_diploma/202963237 
2021-07-17 20:02:01.480348: Фото "4_2014-09-21.jpg" загружено на локальный диск в папку /Users/sergeyvolodin/projects/python/vk_diploma/202963237 
2021-07-17 20:02:02.063378: Фото "2_2014-09-21.jpg" загружено на локальный диск в папку /Users/sergeyvolodin/projects/python/vk_diploma/202963237 
2021-07-17 20:02:02.799555: Фото "4_2014-09-21.jpg" загружено на локальный диск в папку /Users/sergeyvolodin/projects/python/vk_diploma/202963237 
2021-07-17 20:02:03.468228: Фото "7.jpg" загружено на локальный диск в папку /Users/sergeyvolodin/projects/python/vk_diploma/202963237 
2021-07-17 20:02:04.234221: Фото "4_2014-09-21.jpg" загружено на локальный диск в папку /Users/sergeyvolodin/projects/python/vk_diploma/202963237 
2021-07-17 20:02:04.858773: Фото "4_2014-09-21.jpg" загружено на локальный диск в папку /Users/sergeyvolodin/projects/python/vk_diploma/202963237 
2021-07-17 20:02:05.572755: Фото "4_2014-09-21.jpg" загружено на локальный диск в папку /Users/sergeyvolodin/projects/python/vk_diploma/202963237 
2021-07-17 20:02:06.265854: Фото "1_2014-09-21.jpg" загружено на локальный диск в папку /Users/sergeyvolodin/projects/python/vk_diploma/202963237 
2021-07-17 20:02:06.974066: Фото "2_2014-09-21.jpg" загружено на локальный диск в папку /Users/sergeyvolodin/projects/python/vk_diploma/202963237 
2021-07-17 20:02:07.557539: Фото "3_2014-09-21.jpg" загружено на локальный диск в папку /Users/sergeyvolodin/projects/python/vk_diploma/202963237 
2021-07-17 20:02:08.211792: Фото "6_2014-09-21.jpg" загружено на локальный диск в папку /Users/sergeyvolodin/projects/python/vk_diploma/202963237 
2021-07-17 20:02:08.984880: Фото "3_2014-09-21.jpg" загружено на локальный диск в папку /Users/sergeyvolodin/projects/python/vk_diploma/202963237 
2021-07-17 20:02:09.674929: Фото "4_2014-09-21.jpg" загружено на локальный диск в папку /Users/sergeyvolodin/projects/python/vk_diploma/202963237 
2021-07-17 20:02:10.392936: Фото "3_2014-09-21.jpg" загружено на локальный диск в папку /Users/sergeyvolodin/projects/python/vk_diploma/202963237 
2021-07-17 20:02:11.018334: Фото "1_2014-09-21.jpg" загружено на локальный диск в папку /Users/sergeyvolodin/projects/python/vk_diploma/202963237 
2021-07-17 20:02:11.561467: Фото "5_2014-09-21.jpg" загружено на локальный диск в папку /Users/sergeyvolodin/projects/python/vk_diploma/202963237 
2021-07-17 20:02:12.227132: Фото "2_2014-09-21.jpg" загружено на локальный диск в папку /Users/sergeyvolodin/projects/python/vk_diploma/202963237 
2021-07-17 20:02:12.917261: Фото "4_2014-09-21.jpg" загружено на локальный диск в папку /Users/sergeyvolodin/projects/python/vk_diploma/202963237 
2021-07-17 20:02:13.554694: Фото "5.jpg" загружено на локальный диск в папку /Users/sergeyvolodin/projects/python/vk_diploma/202963237 
2021-07-17 20:02:14.214988: Фото "3.jpg" загружено на локальный диск в папку /Users/sergeyvolodin/projects/python/vk_diploma/202963237 
2021-07-17 20:02:14.865552: Фото "2.jpg" загружено на локальный диск в папку /Users/sergeyvolodin/projects/python/vk_diploma/202963237 
2021-07-17 20:02:15.532871: Фото "3_2014-09-21.jpg" загружено на локальный диск в папку /Users/sergeyvolodin/projects/python/vk_diploma/202963237 
2021-07-17 20:02:16.157525: Фото "4.jpg" загружено на локальный диск в папку /Users/sergeyvolodin/projects/python/vk_diploma/202963237 
2021-07-17 20:02:16.801840: Фото "4_2014-09-21.jpg" загружено на локальный диск в папку /Users/sergeyvolodin/projects/python/vk_diploma/202963237 
2021-07-17 20:02:17.324230: Фото "6.jpg" загружено на локальный диск в папку /Users/sergeyvolodin/projects/python/vk_diploma/202963237 
2021-07-17 20:02:17.954894: Фото "3_2014-09-21.jpg" загружено на локальный диск в папку /Users/sergeyvolodin/projects/python/vk_diploma/202963237 
2021-07-17 20:02:18.725134: Фото "3_2014-09-21.jpg" загружено на локальный диск в папку /Users/sergeyvolodin/projects/python/vk_diploma/202963237 
2021-07-17 20:02:19.474293: Фото "2_2014-09-21.jpg" загружено на локальный диск в папку /Users/sergeyvolodin/projects/python/vk_diploma/202963237 
2021-07-17 20:02:20.072849: Фото "2_2014-09-21.jpg" загружено на локальный диск в папку /Users/sergeyvolodin/projects/python/vk_diploma/202963237 
2021-07-17 20:02:20.772182: Фото "3_2014-09-21.jpg" загружено на локальный диск в папку /Users/sergeyvolodin/projects/python/vk_diploma/202963237 
2021-07-17 20:02:21.425028: Фото "1.jpg" загружено на локальный диск в папку /Users/sergeyvolodin/projects/python/vk_diploma/202963237 
2021-07-17 20:02:21.962993: Фото "2_2014-09-21.jpg" загружено на локальный диск в папку /Users/sergeyvolodin/projects/python/vk_diploma/202963237 
2021-07-17 20:02:22.392213: Фото "3_2014-09-21.jpg" загружено на локальный диск в папку /Users/sergeyvolodin/projects/python/vk_diploma/202963237 
2021-07-17 20:02:22.949635: Фото "3_2014-09-21.jpg" загружено на локальный диск в папку /Users/sergeyvolodin/projects/python/vk_diploma/202963237 
2021-07-17 20:02:23.620713: Фото "6_2014-09-21.jpg" загружено на локальный диск в папку /Users/sergeyvolodin/projects/python/vk_diploma/202963237 
2021-07-17 20:02:24.201195: Фото "1_2014-09-21.jpg" загружено на локальный диск в папку /Users/sergeyvolodin/projects/python/vk_diploma/202963237 
2021-07-17 20:02:24.988081: Фото "2_2014-09-21.jpg" загружено на локальный диск в папку /Users/sergeyvolodin/projects/python/vk_diploma/202963237 
2021-07-17 20:02:25.661839: Фото "4_2014-09-21.jpg" загружено на локальный диск в папку /Users/sergeyvolodin/projects/python/vk_diploma/202963237 
2021-07-17 20:02:26.257186: Фото "7_2014-09-21.jpg" загружено на локальный диск в папку /Users/sergeyvolodin/projects/python/vk_diploma/202963237 
2021-07-17 20:02:26.957527: Фото "3_2014-09-21.jpg" загружено на локальный диск в папку /Users/sergeyvolodin/projects/python/vk_diploma/202963237 
2021-07-17 20:02:27.689966: Фото "5_2014-09-21.jpg" загружено на локальный диск в папку /Users/sergeyvolodin/projects/python/vk_diploma/202963237 
2021-07-17 20:02:28.410581: Фото "2_2014-09-21.jpg" загружено на локальный диск в папку /Users/sergeyvolodin/projects/python/vk_diploma/202963237 
2021-07-17 20:02:29.133102: Фото "4_2014-09-21.jpg" загружено на локальный диск в папку /Users/sergeyvolodin/projects/python/vk_diploma/202963237 
2021-07-17 20:02:35.445643: Фото "5_2014-09-21.jpg" загружено на Yandex.Disk в папку test 
2021-07-17 20:02:38.067546: Фото "3_2014-09-21.jpg" загружено на Yandex.Disk в папку test 
2021-07-17 20:02:42.221735: Фото "3_2014-09-21.jpg" загружено на Yandex.Disk в папку test 
2021-07-17 20:02:47.922062: Фото "3_2014-09-21.jpg" загружено на Yandex.Disk в папку test 
2021-07-17 20:02:50.217491: Фото "1_2014-09-21.jpg" загружено на Yandex.Disk в папку test 
2021-07-17 20:09:08.320086: Фото "5_2014-09-21 22:14:12.jpg" загружено на локальный диск в папку /Users/sergeyvolodin/projects/python/vk_diploma/202963237 
2021-07-17 20:09:09.037080: Фото "3_2014-09-21 22:18:23.jpg" загружено на локальный диск в папку /Users/sergeyvolodin/projects/python/vk_diploma/202963237 
2021-07-17 20:09:09.636812: Фото "3_2014-09-21 22:20:07.jpg" загружено на локальный диск в папку /Users/sergeyvolodin/projects/python/vk_diploma/202963237 
2021-07-17 20:09:10.274634: Фото "3_2014-09-21 22:20:47.jpg" загружено на локальный диск в папку /Users/sergeyvolodin/projects/python/vk_diploma/202963237 
2021-07-17 20:09:10.910337: Фото "1_2014-09-21 22:23:45.jpg" загружено на локальный диск в папку /Users/sergeyvolodin/projects/python/vk_diploma/202963237 
2021-07-17 20:09:11.549671: Фото "2_2014-09-21 22:26:26.jpg" загружено на локальный диск в папку /Users/sergeyvolodin/projects/python/vk_diploma/202963237 
2021-07-17 20:09:12.115163: Фото "4_2014-09-21 22:26:59.jpg" загружено на локальный диск в папку /Users/sergeyvolodin/projects/python/vk_diploma/202963237 
2021-07-17 20:09:12.786740: Фото "4_2014-09-21 22:27:32.jpg" загружено на локальный диск в папку /Users/sergeyvolodin/projects/python/vk_diploma/202963237 
2021-07-17 20:09:13.335240: Фото "2_2014-09-21 22:28:02.jpg" загружено на локальный диск в папку /Users/sergeyvolodin/projects/python/vk_diploma/202963237 
2021-07-17 20:09:13.953001: Фото "4_2014-09-21 22:29:40.jpg" загружено на локальный диск в папку /Users/sergeyvolodin/projects/python/vk_diploma/202963237 
2021-07-17 20:09:14.579717: Фото "7.jpg" загружено на локальный диск в папку /Users/sergeyvolodin/projects/python/vk_diploma/202963237 
2021-07-17 20:09:15.353456: Фото "4_2014-09-21 22:37:39.jpg" загружено на локальный диск в папку /Users/sergeyvolodin/projects/python/vk_diploma/202963237 
2021-07-17 20:09:15.976173: Фото "4_2014-09-21 22:38:25.jpg" загружено на локальный диск в папку /Users/sergeyvolodin/projects/python/vk_diploma/202963237 
2021-07-17 20:09:16.631738: Фото "4_2014-09-21 22:40:27.jpg" загружено на локальный диск в папку /Users/sergeyvolodin/projects/python/vk_diploma/202963237 
2021-07-17 20:09:17.363814: Фото "1_2014-09-21 22:41:38.jpg" загружено на локальный диск в папку /Users/sergeyvolodin/projects/python/vk_diploma/202963237 
2021-07-17 20:09:18.083642: Фото "2_2014-09-21 22:42:07.jpg" загружено на локальный диск в папку /Users/sergeyvolodin/projects/python/vk_diploma/202963237 
2021-07-17 20:09:18.631539: Фото "3_2014-09-21 22:42:40.jpg" загружено на локальный диск в папку /Users/sergeyvolodin/projects/python/vk_diploma/202963237 
2021-07-17 20:09:19.181160: Фото "6_2014-09-21 22:43:21.jpg" загружено на локальный диск в папку /Users/sergeyvolodin/projects/python/vk_diploma/202963237 
2021-07-17 20:09:19.891455: Фото "3_2014-09-21 22:46:26.jpg" загружено на локальный диск в папку /Users/sergeyvolodin/projects/python/vk_diploma/202963237 
2021-07-17 20:09:20.594173: Фото "4_2014-09-21 22:46:55.jpg" загружено на локальный диск в папку /Users/sergeyvolodin/projects/python/vk_diploma/202963237 
2021-07-17 20:09:21.298190: Фото "3_2014-09-21 22:47:23.jpg" загружено на локальный диск в папку /Users/sergeyvolodin/projects/python/vk_diploma/202963237 
2021-07-17 20:09:21.941898: Фото "1_2014-09-21 22:48:40.jpg" загружено на локальный диск в папку /Users/sergeyvolodin/projects/python/vk_diploma/202963237 
2021-07-17 20:09:22.562770: Фото "5_2014-09-21 22:49:36.jpg" загружено на локальный диск в папку /Users/sergeyvolodin/projects/python/vk_diploma/202963237 
2021-07-17 20:09:23.300957: Фото "2_2014-09-21 22:50:06.jpg" загружено на локальный диск в папку /Users/sergeyvolodin/projects/python/vk_diploma/202963237 
2021-07-17 20:09:23.960939: Фото "4_2014-09-21 22:50:35.jpg" загружено на локальный диск в папку /Users/sergeyvolodin/projects/python/vk_diploma/202963237 
2021-07-17 20:09:24.647979: Фото "5.jpg" загружено на локальный диск в папку /Users/sergeyvolodin/projects/python/vk_diploma/202963237 
2021-07-17 20:09:25.233125: Фото "3.jpg" загружено на локальный диск в папку /Users/sergeyvolodin/projects/python/vk_diploma/202963237 
2021-07-17 20:09:25.927673: Фото "2.jpg" загружено на локальный диск в папку /Users/sergeyvolodin/projects/python/vk_diploma/202963237 
2021-07-17 20:09:26.499465: Фото "3_2014-09-21 22:08:35.jpg" загружено на локальный диск в папку /Users/sergeyvolodin/projects/python/vk_diploma/202963237 
2021-07-17 20:09:27.114586: Фото "4.jpg" загружено на локальный диск в папку /Users/sergeyvolodin/projects/python/vk_diploma/202963237 
2021-07-17 20:09:27.748252: Фото "4_2014-09-21 22:09:20.jpg" загружено на локальный диск в папку /Users/sergeyvolodin/projects/python/vk_diploma/202963237 
2021-07-17 20:09:28.367104: Фото "6.jpg" загружено на локальный диск в папку /Users/sergeyvolodin/projects/python/vk_diploma/202963237 
2021-07-17 20:09:28.961124: Фото "3_2014-09-21 22:15:00.jpg" загружено на локальный диск в папку /Users/sergeyvolodin/projects/python/vk_diploma/202963237 
2021-07-17 20:09:29.524585: Фото "3_2014-09-21 22:15:48.jpg" загружено на локальный диск в папку /Users/sergeyvolodin/projects/python/vk_diploma/202963237 
2021-07-17 20:09:30.114371: Фото "2_2014-09-21 22:16:26.jpg" загружено на локальный диск в папку /Users/sergeyvolodin/projects/python/vk_diploma/202963237 
2021-07-17 20:09:30.778560: Фото "2_2014-09-21 22:17:01.jpg" загружено на локальный диск в папку /Users/sergeyvolodin/projects/python/vk_diploma/202963237 
2021-07-17 20:09:31.452815: Фото "3_2014-09-21 22:17:46.jpg" загружено на локальный диск в папку /Users/sergeyvolodin/projects/python/vk_diploma/202963237 
2021-07-17 20:09:32.088341: Фото "1.jpg" загружено на локальный диск в папку /Users/sergeyvolodin/projects/python/vk_diploma/202963237 
2021-07-17 20:09:32.614625: Фото "2_2014-09-21 22:23:05.jpg" загружено на локальный диск в папку /Users/sergeyvolodin/projects/python/vk_diploma/202963237 
2021-07-17 20:09:33.090583: Фото "3_2014-09-21 22:24:05.jpg" загружено на локальный диск в папку /Users/sergeyvolodin/projects/python/vk_diploma/202963237 
2021-07-17 20:09:33.674401: Фото "3_2014-09-21 22:24:58.jpg" загружено на локальный диск в папку /Users/sergeyvolodin/projects/python/vk_diploma/202963237 
2021-07-17 20:09:34.234642: Фото "6_2014-09-21 22:28:40.jpg" загружено на локальный диск в папку /Users/sergeyvolodin/projects/python/vk_diploma/202963237 
2021-07-17 20:09:34.784667: Фото "1_2014-09-21 22:32:14.jpg" загружено на локальный диск в папку /Users/sergeyvolodin/projects/python/vk_diploma/202963237 
2021-07-17 20:09:35.567609: Фото "2_2014-09-21 22:33:11.jpg" загружено на локальный диск в папку /Users/sergeyvolodin/projects/python/vk_diploma/202963237 
2021-07-17 20:09:36.151246: Фото "4_2014-09-21 22:33:50.jpg" загружено на локальный диск в папку /Users/sergeyvolodin/projects/python/vk_diploma/202963237 
2021-07-17 20:09:36.810496: Фото "7_2014-09-21 22:35:36.jpg" загружено на локальный диск в папку /Users/sergeyvolodin/projects/python/vk_diploma/202963237 
2021-07-17 20:09:37.448342: Фото "3_2014-09-21 22:36:14.jpg" загружено на локальный диск в папку /Users/sergeyvolodin/projects/python/vk_diploma/202963237 
2021-07-17 20:09:38.179718: Фото "5_2014-09-21 22:36:51.jpg" загружено на локальный диск в папку /Users/sergeyvolodin/projects/python/vk_diploma/202963237 
2021-07-17 20:09:38.855135: Фото "2_2014-09-21 22:39:39.jpg" загружено на локальный диск в папку /Users/sergeyvolodin/projects/python/vk_diploma/202963237 
2021-07-17 20:09:39.472654: Фото "4_2014-09-21 22:49:08.jpg" загружено на локальный диск в папку /Users/sergeyvolodin/projects/python/vk_diploma/202963237 
2021-07-17 20:10:20.277794: Фото "5_2014-09-21_22:14:12.jpg" загружено на локальный диск в папку /Users/sergeyvolodin/projects/python/vk_diploma/202963237 
2021-07-17 20:10:20.854464: Фото "3_2014-09-21_22:18:23.jpg" загружено на локальный диск в папку /Users/sergeyvolodin/projects/python/vk_diploma/202963237 
2021-07-17 20:10:21.427288: Фото "3_2014-09-21_22:20:07.jpg" загружено на локальный диск в папку /Users/sergeyvolodin/projects/python/vk_diploma/202963237 
2021-07-17 20:10:21.989880: Фото "3_2014-09-21_22:20:47.jpg" загружено на локальный диск в папку /Users/sergeyvolodin/projects/python/vk_diploma/202963237 
2021-07-17 20:10:22.479173: Фото "1_2014-09-21_22:23:45.jpg" загружено на локальный диск в папку /Users/sergeyvolodin/projects/python/vk_diploma/202963237 
2021-07-17 20:10:23.083422: Фото "2_2014-09-21_22:26:26.jpg" загружено на локальный диск в папку /Users/sergeyvolodin/projects/python/vk_diploma/202963237 
2021-07-17 20:10:23.630057: Фото "4_2014-09-21_22:26:59.jpg" загружено на локальный диск в папку /Users/sergeyvolodin/projects/python/vk_diploma/202963237 
2021-07-17 20:10:24.276449: Фото "4_2014-09-21_22:27:32.jpg" загружено на локальный диск в папку /Users/sergeyvolodin/projects/python/vk_diploma/202963237 
2021-07-17 20:10:24.791516: Фото "2_2014-09-21_22:28:02.jpg" загружено на локальный диск в папку /Users/sergeyvolodin/projects/python/vk_diploma/202963237 
2021-07-17 20:10:25.341010: Фото "4_2014-09-21_22:29:40.jpg" загружено на локальный диск в папку /Users/sergeyvolodin/projects/python/vk_diploma/202963237 
2021-07-17 20:10:25.885634: Фото "7.jpg" загружено на локальный диск в папку /Users/sergeyvolodin/projects/python/vk_diploma/202963237 
2021-07-17 20:10:26.604838: Фото "4_2014-09-21_22:37:39.jpg" загружено на локальный диск в папку /Users/sergeyvolodin/projects/python/vk_diploma/202963237 
2021-07-17 20:10:27.276184: Фото "4_2014-09-21_22:38:25.jpg" загружено на локальный диск в папку /Users/sergeyvolodin/projects/python/vk_diploma/202963237 
2021-07-17 20:10:27.831216: Фото "4_2014-09-21_22:40:27.jpg" загружено на локальный диск в папку /Users/sergeyvolodin/projects/python/vk_diploma/202963237 
2021-07-17 20:10:28.523214: Фото "1_2014-09-21_22:41:38.jpg" загружено на локальный диск в папку /Users/sergeyvolodin/projects/python/vk_diploma/202963237 
2021-07-17 20:10:29.149775: Фото "2_2014-09-21_22:42:07.jpg" загружено на локальный диск в папку /Users/sergeyvolodin/projects/python/vk_diploma/202963237 
2021-07-17 20:10:29.796400: Фото "3_2014-09-21_22:42:40.jpg" загружено на локальный диск в папку /Users/sergeyvolodin/projects/python/vk_diploma/202963237 
2021-07-17 20:10:30.378492: Фото "6_2014-09-21_22:43:21.jpg" загружено на локальный диск в папку /Users/sergeyvolodin/projects/python/vk_diploma/202963237 
2021-07-17 20:10:31.003042: Фото "3_2014-09-21_22:46:26.jpg" загружено на локальный диск в папку /Users/sergeyvolodin/projects/python/vk_diploma/202963237 
2021-07-17 20:10:31.719832: Фото "4_2014-09-21_22:46:55.jpg" загружено на локальный диск в папку /Users/sergeyvolodin/projects/python/vk_diploma/202963237 
2021-07-17 20:10:32.285617: Фото "3_2014-09-21_22:47:23.jpg" загружено на локальный диск в папку /Users/sergeyvolodin/projects/python/vk_diploma/202963237 
2021-07-17 20:10:32.848091: Фото "1_2014-09-21_22:48:40.jpg" загружено на локальный диск в папку /Users/sergeyvolodin/projects/python/vk_diploma/202963237 
2021-07-17 20:10:33.432975: Фото "5_2014-09-21_22:49:36.jpg" загружено на локальный диск в папку /Users/sergeyvolodin/projects/python/vk_diploma/202963237 
2021-07-17 20:10:34.033226: Фото "2_2014-09-21_22:50:06.jpg" загружено на локальный диск в папку /Users/sergeyvolodin/projects/python/vk_diploma/202963237 
2021-07-17 20:10:34.644876: Фото "4_2014-09-21_22:50:35.jpg" загружено на локальный диск в папку /Users/sergeyvolodin/projects/python/vk_diploma/202963237 
2021-07-17 20:10:35.262571: Фото "5.jpg" загружено на локальный диск в папку /Users/sergeyvolodin/projects/python/vk_diploma/202963237 
2021-07-17 20:10:35.811043: Фото "3.jpg" загружено на локальный диск в папку /Users/sergeyvolodin/projects/python/vk_diploma/202963237 
2021-07-17 20:10:36.382597: Фото "2.jpg" загружено на локальный диск в папку /Users/sergeyvolodin/projects/python/vk_diploma/202963237 
2021-07-17 20:10:37.087496: Фото "3_2014-09-21_22:08:35.jpg" загружено на локальный диск в папку /Users/sergeyvolodin/projects/python/vk_diploma/202963237 
2021-07-17 20:10:37.586218: Фото "4.jpg" загружено на локальный диск в папку /Users/sergeyvolodin/projects/python/vk_diploma/202963237 
2021-07-17 20:10:38.048938: Фото "4_2014-09-21_22:09:20.jpg" загружено на локальный диск в папку /Users/sergeyvolodin/projects/python/vk_diploma/202963237 
2021-07-17 20:10:38.559636: Фото "6.jpg" загружено на локальный диск в папку /Users/sergeyvolodin/projects/python/vk_diploma/202963237 
2021-07-17 20:10:39.103019: Фото "3_2014-09-21_22:15:00.jpg" загружено на локальный диск в папку /Users/sergeyvolodin/projects/python/vk_diploma/202963237 
2021-07-17 20:10:39.700869: Фото "3_2014-09-21_22:15:48.jpg" загружено на локальный диск в папку /Users/sergeyvolodin/projects/python/vk_diploma/202963237 
2021-07-17 20:10:40.353595: Фото "2_2014-09-21_22:16:26.jpg" загружено на локальный диск в папку /Users/sergeyvolodin/projects/python/vk_diploma/202963237 
2021-07-17 20:10:40.933962: Фото "2_2014-09-21_22:17:01.jpg" загружено на локальный диск в папку /Users/sergeyvolodin/projects/python/vk_diploma/202963237 
2021-07-17 20:10:41.567231: Фото "3_2014-09-21_22:17:46.jpg" загружено на локальный диск в папку /Users/sergeyvolodin/projects/python/vk_diploma/202963237 
2021-07-17 20:10:42.212240: Фото "1.jpg" загружено на локальный диск в папку /Users/sergeyvolodin/projects/python/vk_diploma/202963237 
2021-07-17 20:10:42.685066: Фото "2_2014-09-21_22:23:05.jpg" загружено на локальный диск в папку /Users/sergeyvolodin/projects/python/vk_diploma/202963237 
2021-07-17 20:10:43.130419: Фото "3_2014-09-21_22:24:05.jpg" загружено на локальный диск в папку /Users/sergeyvolodin/projects/python/vk_diploma/202963237 
2021-07-17 20:10:43.653534: Фото "3_2014-09-21_22:24:58.jpg" загружено на локальный диск в папку /Users/sergeyvolodin/projects/python/vk_diploma/202963237 
2021-07-17 20:10:44.181663: Фото "6_2014-09-21_22:28:40.jpg" загружено на локальный диск в папку /Users/sergeyvolodin/projects/python/vk_diploma/202963237 
2021-07-17 20:10:44.700819: Фото "1_2014-09-21_22:32:14.jpg" загружено на локальный диск в папку /Users/sergeyvolodin/projects/python/vk_diploma/202963237 
2021-07-17 20:10:45.406541: Фото "2_2014-09-21_22:33:11.jpg" загружено на локальный диск в папку /Users/sergeyvolodin/projects/python/vk_diploma/202963237 
2021-07-17 20:10:45.982313: Фото "4_2014-09-21_22:33:50.jpg" загружено на локальный диск в папку /Users/sergeyvolodin/projects/python/vk_diploma/202963237 
2021-07-17 20:10:46.621820: Фото "7_2014-09-21_22:35:36.jpg" загружено на локальный диск в папку /Users/sergeyvolodin/projects/python/vk_diploma/202963237 
2021-07-17 20:10:47.274136: Фото "3_2014-09-21_22:36:14.jpg" загружено на локальный диск в папку /Users/sergeyvolodin/projects/python/vk_diploma/202963237 
2021-07-17 20:10:47.914426: Фото "5_2014-09-21_22:36:51.jpg" загружено на локальный диск в папку /Users/sergeyvolodin/projects/python/vk_diploma/202963237 
2021-07-17 20:10:48.479875: Фото "2_2014-09-21_22:39:39.jpg" загружено на локальный диск в папку /Users/sergeyvolodin/projects/python/vk_diploma/202963237 
2021-07-17 20:10:49.123565: Фото "4_2014-09-21_22:49:08.jpg" загружено на локальный диск в папку /Users/sergeyvolodin/projects/python/vk_diploma/202963237 
2021-07-17 20:11:09.900888: Фото "5_2014-09-21_22-14-12.jpg" загружено на локальный диск в папку /Users/sergeyvolodin/projects/python/vk_diploma/202963237 
2021-07-17 20:11:10.491755: Фото "3_2014-09-21_22-18-23.jpg" загружено на локальный диск в папку /Users/sergeyvolodin/projects/python/vk_diploma/202963237 
2021-07-17 20:11:11.208861: Фото "3_2014-09-21_22-20-07.jpg" загружено на локальный диск в папку /Users/sergeyvolodin/projects/python/vk_diploma/202963237 
2021-07-17 20:11:11.706707: Фото "3_2014-09-21_22-20-47.jpg" загружено на локальный диск в папку /Users/sergeyvolodin/projects/python/vk_diploma/202963237 
2021-07-17 20:11:12.208225: Фото "1_2014-09-21_22-23-45.jpg" загружено на локальный диск в папку /Users/sergeyvolodin/projects/python/vk_diploma/202963237 
2021-07-17 20:11:12.887879: Фото "2_2014-09-21_22-26-26.jpg" загружено на локальный диск в папку /Users/sergeyvolodin/projects/python/vk_diploma/202963237 
2021-07-17 20:11:13.485845: Фото "4_2014-09-21_22-26-59.jpg" загружено на локальный диск в папку /Users/sergeyvolodin/projects/python/vk_diploma/202963237 
2021-07-17 20:11:14.063746: Фото "4_2014-09-21_22-27-32.jpg" загружено на локальный диск в папку /Users/sergeyvolodin/projects/python/vk_diploma/202963237 
2021-07-17 20:11:14.605617: Фото "2_2014-09-21_22-28-02.jpg" загружено на локальный диск в папку /Users/sergeyvolodin/projects/python/vk_diploma/202963237 
2021-07-17 20:11:15.218151: Фото "4_2014-09-21_22-29-40.jpg" загружено на локальный диск в папку /Users/sergeyvolodin/projects/python/vk_diploma/202963237 
2021-07-17 20:11:15.767168: Фото "7.jpg" загружено на локальный диск в папку /Users/sergeyvolodin/projects/python/vk_diploma/202963237 
2021-07-17 20:11:16.415534: Фото "4_2014-09-21_22-37-39.jpg" загружено на локальный диск в папку /Users/sergeyvolodin/projects/python/vk_diploma/202963237 
2021-07-17 20:11:17.032320: Фото "4_2014-09-21_22-38-25.jpg" загружено на локальный диск в папку /Users/sergeyvolodin/projects/python/vk_diploma/202963237 
2021-07-17 20:11:17.664816: Фото "4_2014-09-21_22-40-27.jpg" загружено на локальный диск в папку /Users/sergeyvolodin/projects/python/vk_diploma/202963237 
2021-07-17 20:11:18.298980: Фото "1_2014-09-21_22-41-38.jpg" загружено на локальный диск в папку /Users/sergeyvolodin/projects/python/vk_diploma/202963237 
2021-07-17 20:11:18.882552: Фото "2_2014-09-21_22-42-07.jpg" загружено на локальный диск в папку /Users/sergeyvolodin/projects/python/vk_diploma/202963237 
2021-07-17 20:11:19.408266: Фото "3_2014-09-21_22-42-40.jpg" загружено на локальный диск в папку /Users/sergeyvolodin/projects/python/vk_diploma/202963237 
2021-07-17 20:11:19.947828: Фото "6_2014-09-21_22-43-21.jpg" загружено на локальный диск в папку /Users/sergeyvolodin/projects/python/vk_diploma/202963237 
2021-07-17 20:11:20.635884: Фото "3_2014-09-21_22-46-26.jpg" загружено на локальный диск в папку /Users/sergeyvolodin/projects/python/vk_diploma/202963237 
2021-07-17 20:11:21.360903: Фото "4_2014-09-21_22-46-55.jpg" загружено на локальный диск в папку /Users/sergeyvolodin/projects/python/vk_diploma/202963237 
2021-07-17 20:11:21.995369: Фото "3_2014-09-21_22-47-23.jpg" загружено на локальный диск в папку /Users/sergeyvolodin/projects/python/vk_diploma/202963237 
2021-07-17 20:11:22.501102: Фото "1_2014-09-21_22-48-40.jpg" загружено на локальный диск в папку /Users/sergeyvolodin/projects/python/vk_diploma/202963237 
2021-07-17 20:11:22.984286: Фото "5_2014-09-21_22-49-36.jpg" загружено на локальный диск в папку /Users/sergeyvolodin/projects/python/vk_diploma/202963237 
2021-07-17 20:11:23.569206: Фото "2_2014-09-21_22-50-06.jpg" загружено на локальный диск в папку /Users/sergeyvolodin/projects/python/vk_diploma/202963237 
2021-07-17 20:11:24.247753: Фото "4_2014-09-21_22-50-35.jpg" загружено на локальный диск в папку /Users/sergeyvolodin/projects/python/vk_diploma/202963237 
2021-07-17 20:11:24.889194: Фото "5.jpg" загружено на локальный диск в папку /Users/sergeyvolodin/projects/python/vk_diploma/202963237 
2021-07-17 20:11:25.586624: Фото "3.jpg" загружено на локальный диск в папку /Users/sergeyvolodin/projects/python/vk_diploma/202963237 
2021-07-17 20:11:26.163681: Фото "2.jpg" загружено на локальный диск в папку /Users/sergeyvolodin/projects/python/vk_diploma/202963237 
2021-07-17 20:11:26.758703: Фото "3_2014-09-21_22-08-35.jpg" загружено на локальный диск в папку /Users/sergeyvolodin/projects/python/vk_diploma/202963237 
2021-07-17 20:11:27.205573: Фото "4.jpg" загружено на локальный диск в папку /Users/sergeyvolodin/projects/python/vk_diploma/202963237 
2021-07-17 20:11:27.750312: Фото "4_2014-09-21_22-09-20.jpg" загружено на локальный диск в папку /Users/sergeyvolodin/projects/python/vk_diploma/202963237 
2021-07-17 20:11:28.302324: Фото "6.jpg" загружено на локальный диск в папку /Users/sergeyvolodin/projects/python/vk_diploma/202963237 
2021-07-17 20:11:28.785414: Фото "3_2014-09-21_22-15-00.jpg" загружено на локальный диск в папку /Users/sergeyvolodin/projects/python/vk_diploma/202963237 
2021-07-17 20:11:29.330059: Фото "3_2014-09-21_22-15-48.jpg" загружено на локальный диск в папку /Users/sergeyvolodin/projects/python/vk_diploma/202963237 
2021-07-17 20:11:29.963265: Фото "2_2014-09-21_22-16-26.jpg" загружено на локальный диск в папку /Users/sergeyvolodin/projects/python/vk_diploma/202963237 
2021-07-17 20:11:30.602369: Фото "2_2014-09-21_22-17-01.jpg" загружено на локальный диск в папку /Users/sergeyvolodin/projects/python/vk_diploma/202963237 
2021-07-17 20:11:31.233257: Фото "3_2014-09-21_22-17-46.jpg" загружено на локальный диск в папку /Users/sergeyvolodin/projects/python/vk_diploma/202963237 
2021-07-17 20:11:31.876725: Фото "1.jpg" загружено на локальный диск в папку /Users/sergeyvolodin/projects/python/vk_diploma/202963237 
2021-07-17 20:11:32.468102: Фото "2_2014-09-21_22-23-05.jpg" загружено на локальный диск в папку /Users/sergeyvolodin/projects/python/vk_diploma/202963237 
2021-07-17 20:11:32.985195: Фото "3_2014-09-21_22-24-05.jpg" загружено на локальный диск в папку /Users/sergeyvolodin/projects/python/vk_diploma/202963237 
2021-07-17 20:11:33.469514: Фото "3_2014-09-21_22-24-58.jpg" загружено на локальный диск в папку /Users/sergeyvolodin/projects/python/vk_diploma/202963237 
2021-07-17 20:11:33.993549: Фото "6_2014-09-21_22-28-40.jpg" загружено на локальный диск в папку /Users/sergeyvolodin/projects/python/vk_diploma/202963237 
2021-07-17 20:11:34.514091: Фото "1_2014-09-21_22-32-14.jpg" загружено на локальный диск в папку /Users/sergeyvolodin/projects/python/vk_diploma/202963237 
2021-07-17 20:11:35.266284: Фото "2_2014-09-21_22-33-11.jpg" загружено на локальный диск в папку /Users/sergeyvolodin/projects/python/vk_diploma/202963237 
2021-07-17 20:11:35.849168: Фото "4_2014-09-21_22-33-50.jpg" загружено на локальный диск в папку /Users/sergeyvolodin/projects/python/vk_diploma/202963237 
2021-07-17 20:11:36.520384: Фото "7_2014-09-21_22-35-36.jpg" загружено на локальный диск в папку /Users/sergeyvolodin/projects/python/vk_diploma/202963237 
2021-07-17 20:11:37.163489: Фото "3_2014-09-21_22-36-14.jpg" загружено на локальный диск в папку /Users/sergeyvolodin/projects/python/vk_diploma/202963237 
2021-07-17 20:11:37.777212: Фото "5_2014-09-21_22-36-51.jpg" загружено на локальный диск в папку /Users/sergeyvolodin/projects/python/vk_diploma/202963237 
2021-07-17 20:11:38.330303: Фото "2_2014-09-21_22-39-39.jpg" загружено на локальный диск в папку /Users/sergeyvolodin/projects/python/vk_diploma/202963237 
2021-07-17 20:11:38.912120: Фото "4_2014-09-21_22-49-08.jpg" загружено на локальный диск в папку /Users/sergeyvolodin/projects/python/vk_diploma/202963237 
2021-07-17 20:11:42.622015: Фото "5_2014-09-21_22-14-12.jpg" загружено на Yandex.Disk в папку test 
2021-07-17 20:11:48.890297: Фото "3_2014-09-21_22-18-23.jpg" загружено на Yandex.Disk в папку test 
2021-07-17 20:11:51.556770: Фото "3_2014-09-21_22-20-07.jpg" загружено на Yandex.Disk в папку test 
2021-07-17 20:11:54.620445: Фото "3_2014-09-21_22-20-47.jpg" загружено на Yandex.Disk в папку test 
2021-07-17 20:11:56.776247: Фото "1_2014-09-21_22-23-45.jpg" загружено на Yandex.Disk в папку test 
2021-07-17 20:14:46.092810: Фото "5_2014-09-21_22-14-12.jpg" загружено на локальный диск в папку /Users/sergeyvolodin/projects/python/vk_diploma/202963237 
2021-07-17 20:14:46.702684: Фото "3_2014-09-21_22-18-23.jpg" загружено на локальный диск в папку /Users/sergeyvolodin/projects/python/vk_diploma/202963237 
2021-07-17 20:14:47.416401: Фото "3_2014-09-21_22-20-07.jpg" загружено на локальный диск в папку /Users/sergeyvolodin/projects/python/vk_diploma/202963237 
2021-07-17 20:14:47.940976: Фото "3_2014-09-21_22-20-47.jpg" загружено на локальный диск в папку /Users/sergeyvolodin/projects/python/vk_diploma/202963237 
2021-07-17 20:14:48.492299: Фото "1_2014-09-21_22-23-45.jpg" загружено на локальный диск в папку /Users/sergeyvolodin/projects/python/vk_diploma/202963237 
2021-07-17 20:14:49.154196: Фото "2_2014-09-21_22-26-26.jpg" загружено на локальный диск в папку /Users/sergeyvolodin/projects/python/vk_diploma/202963237 
2021-07-17 20:14:49.682399: Фото "4_2014-09-21_22-26-59.jpg" загружено на локальный диск в папку /Users/sergeyvolodin/projects/python/vk_diploma/202963237 
2021-07-17 20:14:50.434967: Фото "4_2014-09-21_22-27-32.jpg" загружено на локальный диск в папку /Users/sergeyvolodin/projects/python/vk_diploma/202963237 
2021-07-17 20:14:50.987652: Фото "2_2014-09-21_22-28-02.jpg" загружено на локальный диск в папку /Users/sergeyvolodin/projects/python/vk_diploma/202963237 
2021-07-17 20:14:51.609546: Фото "4_2014-09-21_22-29-40.jpg" загружено на локальный диск в папку /Users/sergeyvolodin/projects/python/vk_diploma/202963237 
2021-07-17 20:14:52.158746: Фото "7.jpg" загружено на локальный диск в папку /Users/sergeyvolodin/projects/python/vk_diploma/202963237 
2021-07-17 20:14:52.852871: Фото "4_2014-09-21_22-37-39.jpg" загружено на локальный диск в папку /Users/sergeyvolodin/projects/python/vk_diploma/202963237 
2021-07-17 20:14:53.455074: Фото "4_2014-09-21_22-38-25.jpg" загружено на локальный диск в папку /Users/sergeyvolodin/projects/python/vk_diploma/202963237 
2021-07-17 20:14:54.093544: Фото "4_2014-09-21_22-40-27.jpg" загружено на локальный диск в папку /Users/sergeyvolodin/projects/python/vk_diploma/202963237 
2021-07-17 20:14:54.748645: Фото "1_2014-09-21_22-41-38.jpg" загружено на локальный диск в папку /Users/sergeyvolodin/projects/python/vk_diploma/202963237 
2021-07-17 20:14:55.553605: Фото "2_2014-09-21_22-42-07.jpg" загружено на локальный диск в папку /Users/sergeyvolodin/projects/python/vk_diploma/202963237 
2021-07-17 20:14:56.068116: Фото "3_2014-09-21_22-42-40.jpg" загружено на локальный диск в папку /Users/sergeyvolodin/projects/python/vk_diploma/202963237 
2021-07-17 20:14:56.677939: Фото "6_2014-09-21_22-43-21.jpg" загружено на локальный диск в папку /Users/sergeyvolodin/projects/python/vk_diploma/202963237 
2021-07-17 20:14:57.389696: Фото "3_2014-09-21_22-46-26.jpg" загружено на локальный диск в папку /Users/sergeyvolodin/projects/python/vk_diploma/202963237 
2021-07-17 20:14:58.029309: Фото "4_2014-09-21_22-46-55.jpg" загружено на локальный диск в папку /Users/sergeyvolodin/projects/python/vk_diploma/202963237 
2021-07-17 20:14:58.644912: Фото "3_2014-09-21_22-47-23.jpg" загружено на локальный диск в папку /Users/sergeyvolodin/projects/python/vk_diploma/202963237 
2021-07-17 20:14:59.177289: Фото "1_2014-09-21_22-48-40.jpg" загружено на локальный диск в папку /Users/sergeyvolodin/projects/python/vk_diploma/202963237 
2021-07-17 20:14:59.711330: Фото "5_2014-09-21_22-49-36.jpg" загружено на локальный диск в папку /Users/sergeyvolodin/projects/python/vk_diploma/202963237 
2021-07-17 20:15:00.323680: Фото "2_2014-09-21_22-50-06.jpg" загружено на локальный диск в папку /Users/sergeyvolodin/projects/python/vk_diploma/202963237 
2021-07-17 20:15:00.946492: Фото "4_2014-09-21_22-50-35.jpg" загружено на локальный диск в папку /Users/sergeyvolodin/projects/python/vk_diploma/202963237 
2021-07-17 20:15:01.522523: Фото "5.jpg" загружено на локальный диск в папку /Users/sergeyvolodin/projects/python/vk_diploma/202963237 
2021-07-17 20:15:02.039575: Фото "3.jpg" загружено на локальный диск в папку /Users/sergeyvolodin/projects/python/vk_diploma/202963237 
2021-07-17 20:15:02.697409: Фото "2.jpg" загружено на локальный диск в папку /Users/sergeyvolodin/projects/python/vk_diploma/202963237 
2021-07-17 20:15:03.243442: Фото "3_2014-09-21_22-08-35.jpg" загружено на локальный диск в папку /Users/sergeyvolodin/projects/python/vk_diploma/202963237 
2021-07-17 20:15:03.701482: Фото "4.jpg" загружено на локальный диск в папку /Users/sergeyvolodin/projects/python/vk_diploma/202963237 
2021-07-17 20:15:04.339415: Фото "4_2014-09-21_22-09-20.jpg" загружено на локальный диск в папку /Users/sergeyvolodin/projects/python/vk_diploma/202963237 
2021-07-17 20:15:04.838689: Фото "6.jpg" загружено на локальный диск в папку /Users/sergeyvolodin/projects/python/vk_diploma/202963237 
2021-07-17 20:15:05.449718: Фото "3_2014-09-21_22-15-00.jpg" загружено на локальный диск в папку /Users/sergeyvolodin/projects/python/vk_diploma/202963237 
2021-07-17 20:15:06.040731: Фото "3_2014-09-21_22-15-48.jpg" загружено на локальный диск в папку /Users/sergeyvolodin/projects/python/vk_diploma/202963237 
2021-07-17 20:15:06.638028: Фото "2_2014-09-21_22-16-26.jpg" загружено на локальный диск в папку /Users/sergeyvolodin/projects/python/vk_diploma/202963237 
2021-07-17 20:15:07.239548: Фото "2_2014-09-21_22-17-01.jpg" загружено на локальный диск в папку /Users/sergeyvolodin/projects/python/vk_diploma/202963237 
2021-07-17 20:15:07.887956: Фото "3_2014-09-21_22-17-46.jpg" загружено на локальный диск в папку /Users/sergeyvolodin/projects/python/vk_diploma/202963237 
2021-07-17 20:15:08.469248: Фото "1.jpg" загружено на локальный диск в папку /Users/sergeyvolodin/projects/python/vk_diploma/202963237 
2021-07-17 20:15:09.000152: Фото "2_2014-09-21_22-23-05.jpg" загружено на локальный диск в папку /Users/sergeyvolodin/projects/python/vk_diploma/202963237 
2021-07-17 20:15:09.435003: Фото "3_2014-09-21_22-24-05.jpg" загружено на локальный диск в папку /Users/sergeyvolodin/projects/python/vk_diploma/202963237 
2021-07-17 20:15:09.926279: Фото "3_2014-09-21_22-24-58.jpg" загружено на локальный диск в папку /Users/sergeyvolodin/projects/python/vk_diploma/202963237 
2021-07-17 20:15:10.615581: Фото "6_2014-09-21_22-28-40.jpg" загружено на локальный диск в папку /Users/sergeyvolodin/projects/python/vk_diploma/202963237 
2021-07-17 20:15:11.105986: Фото "1_2014-09-21_22-32-14.jpg" загружено на локальный диск в папку /Users/sergeyvolodin/projects/python/vk_diploma/202963237 
2021-07-17 20:15:11.839176: Фото "2_2014-09-21_22-33-11.jpg" загружено на локальный диск в папку /Users/sergeyvolodin/projects/python/vk_diploma/202963237 
2021-07-17 20:15:12.380836: Фото "4_2014-09-21_22-33-50.jpg" загружено на локальный диск в папку /Users/sergeyvolodin/projects/python/vk_diploma/202963237 
2021-07-17 20:15:13.009358: Фото "7_2014-09-21_22-35-36.jpg" загружено на локальный диск в папку /Users/sergeyvolodin/projects/python/vk_diploma/202963237 
2021-07-17 20:15:13.736938: Фото "3_2014-09-21_22-36-14.jpg" загружено на локальный диск в папку /Users/sergeyvolodin/projects/python/vk_diploma/202963237 
2021-07-17 20:15:14.399002: Фото "5_2014-09-21_22-36-51.jpg" загружено на локальный диск в папку /Users/sergeyvolodin/projects/python/vk_diploma/202963237 
2021-07-17 20:15:14.954755: Фото "2_2014-09-21_22-39-39.jpg" загружено на локальный диск в папку /Users/sergeyvolodin/projects/python/vk_diploma/202963237 
2021-07-17 20:15:15.556116: Фото "4_2014-09-21_22-49-08.jpg" загружено на локальный диск в папку /Users/sergeyvolodin/projects/python/vk_diploma/202963237 
2021-07-17 20:15:18.772417: Фото "5_2014-09-21_22-14-12.jpg" загружено на Yandex.Disk в папку test 
2021-07-17 20:15:21.199002: Фото "3_2014-09-21_22-18-23.jpg" загружено на Yandex.Disk в папку test 
2021-07-17 20:15:24.372939: Фото "3_2014-09-21_22-20-07.jpg" загружено на Yandex.Disk в папку test 
2021-07-17 20:15:28.751748: Фото "3_2014-09-21_22-20-47.jpg" загружено на Yandex.Disk в папку test 
2021-07-17 20:15:31.104265: Фото "1_2014-09-21_22-23-45.jpg" загружено на Yandex.Disk в папку test 
2021-07-17 20:24:04.017022: Фото "79.jpg" загружено на локальный диск в папку /Users/sergeyvolodin/projects/python/vk_diploma/202963237 
2021-07-17 20:24:04.764135: Фото "45.jpg" загружено на локальный диск в папку /Users/sergeyvolodin/projects/python/vk_diploma/202963237 
2021-07-17 20:24:05.405158: Фото "10.jpg" загружено на локальный диск в папку /Users/sergeyvolodin/projects/python/vk_diploma/202963237 
2021-07-17 20:24:06.024816: Фото "32.jpg" загружено на локальный диск в папку /Users/sergeyvolodin/projects/python/vk_diploma/202963237 
2021-07-17 20:24:06.704366: Фото "32_2015-01-14_03-46-26.jpg" загружено на локальный диск в папку /Users/sergeyvolodin/projects/python/vk_diploma/202963237 
2021-07-17 20:24:07.264583: Фото "50.jpg" загружено на локальный диск в папку /Users/sergeyvolodin/projects/python/vk_diploma/202963237 
2021-07-17 20:24:07.838642: Фото "36.jpg" загружено на локальный диск в папку /Users/sergeyvolodin/projects/python/vk_diploma/202963237 
2021-07-17 20:24:08.448667: Фото "33.jpg" загружено на локальный диск в папку /Users/sergeyvolodin/projects/python/vk_diploma/202963237 
2021-07-17 20:24:08.920084: Фото "37.jpg" загружено на локальный диск в папку /Users/sergeyvolodin/projects/python/vk_diploma/202963237 
2021-07-17 20:24:09.416166: Фото "18_2017-12-28_09-43-03.jpg" загружено на локальный диск в папку /Users/sergeyvolodin/projects/python/vk_diploma/202963237 
2021-07-17 20:24:09.907255: Фото "22.jpg" загружено на локальный диск в папку /Users/sergeyvolodin/projects/python/vk_diploma/202963237 
2021-07-17 20:24:10.455113: Фото "41.jpg" загружено на локальный диск в папку /Users/sergeyvolodin/projects/python/vk_diploma/202963237 
2021-07-17 20:24:11.085616: Фото "37_2012-07-15_20-22-00.jpg" загружено на локальный диск в папку /Users/sergeyvolodin/projects/python/vk_diploma/202963237 
2021-07-17 20:24:11.572184: Фото "13.jpg" загружено на локальный диск в папку /Users/sergeyvolodin/projects/python/vk_diploma/202963237 
2021-07-17 20:24:12.128304: Фото "18.jpg" загружено на локальный диск в папку /Users/sergeyvolodin/projects/python/vk_diploma/202963237 
2021-07-17 20:24:12.910992: Фото "12.jpg" загружено на локальный диск в папку /Users/sergeyvolodin/projects/python/vk_diploma/202963237 
2021-07-17 20:24:13.476099: Фото "21.jpg" загружено на локальный диск в папку /Users/sergeyvolodin/projects/python/vk_diploma/202963237 
2021-07-17 20:24:16.499782: Фото "79.jpg" загружено на Yandex.Disk в папку test 
2021-07-17 20:24:19.140553: Фото "45.jpg" загружено на Yandex.Disk в папку test 
2021-07-17 20:24:21.217166: Фото "10.jpg" загружено на Yandex.Disk в папку test 
2021-07-17 20:24:25.117322: Фото "32.jpg" загружено на Yandex.Disk в папку test 
2021-07-17 20:24:27.257937: Фото "32_2015-01-14_03-46-26.jpg" загружено на Yandex.Disk в папку test 
2021-07-17 20:32:57.242138: Фото "79.jpg" загружено на локальный диск в папку /Users/sergeyvolodin/projects/python/vk_diploma/downloads 
2021-07-17 20:32:57.864151: Фото "45.jpg" загружено на локальный диск в папку /Users/sergeyvolodin/projects/python/vk_diploma/downloads 
2021-07-17 20:32:58.540947: Фото "10.jpg" загружено на локальный диск в папку /Users/sergeyvolodin/projects/python/vk_diploma/downloads 
2021-07-17 20:32:59.074339: Фото "32.jpg" загружено на локальный диск в папку /Users/sergeyvolodin/projects/python/vk_diploma/downloads 
2021-07-17 20:32:59.694100: Фото "32_2015-01-14.jpg" загружено на локальный диск в папку /Users/sergeyvolodin/projects/python/vk_diploma/downloads 
2021-07-17 20:33:00.225210: Фото "50.jpg" загружено на локальный диск в папку /Users/sergeyvolodin/projects/python/vk_diploma/downloads 
2021-07-17 20:33:00.819762: Фото "36.jpg" загружено на локальный диск в папку /Users/sergeyvolodin/projects/python/vk_diploma/downloads 
2021-07-17 20:33:01.387185: Фото "33.jpg" загружено на локальный диск в папку /Users/sergeyvolodin/projects/python/vk_diploma/downloads 
2021-07-17 20:33:01.950167: Фото "37.jpg" загружено на локальный диск в папку /Users/sergeyvolodin/projects/python/vk_diploma/downloads 
2021-07-17 20:33:02.411421: Фото "18_2017-12-28.jpg" загружено на локальный диск в папку /Users/sergeyvolodin/projects/python/vk_diploma/downloads 
2021-07-17 20:33:02.935366: Фото "22.jpg" загружено на локальный диск в папку /Users/sergeyvolodin/projects/python/vk_diploma/downloads 
2021-07-17 20:33:03.434802: Фото "41.jpg" загружено на локальный диск в папку /Users/sergeyvolodin/projects/python/vk_diploma/downloads 
2021-07-17 20:33:04.055927: Фото "37_2012-07-15.jpg" загружено на локальный диск в папку /Users/sergeyvolodin/projects/python/vk_diploma/downloads 
2021-07-17 20:33:04.554087: Фото "13.jpg" загружено на локальный диск в папку /Users/sergeyvolodin/projects/python/vk_diploma/downloads 
2021-07-17 20:33:05.091847: Фото "18.jpg" загружено на локальный диск в папку /Users/sergeyvolodin/projects/python/vk_diploma/downloads 
2021-07-17 20:33:05.962743: Фото "12.jpg" загружено на локальный диск в папку /Users/sergeyvolodin/projects/python/vk_diploma/downloads 
2021-07-17 20:33:06.536237: Фото "21.jpg" загружено на локальный диск в папку /Users/sergeyvolodin/projects/python/vk_diploma/downloads 
2021-07-17 20:33:09.697833: Фото "79.jpg" загружено на Yandex.Disk в папку test 
2021-07-17 20:33:11.593923: Фото "45.jpg" загружено на Yandex.Disk в папку test 
2021-07-17 20:33:14.373478: Фото "10.jpg" загружено на Yandex.Disk в папку test 
2021-07-17 20:33:16.789281: Фото "32.jpg" загружено на Yandex.Disk в папку test 
2021-07-17 20:33:24.047764: Фото "32_2015-01-14.jpg" загружено на Yandex.Disk в папку test 
2021-07-17 20:39:32.210549: Фото "79.jpg" загружено на локальный диск в папку /Users/sergeyvolodin/projects/python/vk_diploma/downloads 
2021-07-17 20:39:32.848492: Фото "45.jpg" загружено на локальный диск в папку /Users/sergeyvolodin/projects/python/vk_diploma/downloads 
2021-07-17 20:39:33.539847: Фото "10.jpg" загружено на локальный диск в папку /Users/sergeyvolodin/projects/python/vk_diploma/downloads 
2021-07-17 20:39:34.151718: Фото "32.jpg" загружено на локальный диск в папку /Users/sergeyvolodin/projects/python/vk_diploma/downloads 
2021-07-17 20:39:34.769979: Фото "32_2015-01-14.jpg" загружено на локальный диск в папку /Users/sergeyvolodin/projects/python/vk_diploma/downloads 
2021-07-17 20:39:35.284538: Фото "50.jpg" загружено на локальный диск в папку /Users/sergeyvolodin/projects/python/vk_diploma/downloads 
2021-07-17 20:39:35.862071: Фото "36.jpg" загружено на локальный диск в папку /Users/sergeyvolodin/projects/python/vk_diploma/downloads 
2021-07-17 20:39:36.464031: Фото "33.jpg" загружено на локальный диск в папку /Users/sergeyvolodin/projects/python/vk_diploma/downloads 
2021-07-17 20:39:36.988726: Фото "37.jpg" загружено на локальный диск в папку /Users/sergeyvolodin/projects/python/vk_diploma/downloads 
2021-07-17 20:39:37.405821: Фото "18_2017-12-28.jpg" загружено на локальный диск в папку /Users/sergeyvolodin/projects/python/vk_diploma/downloads 
2021-07-17 20:39:37.928186: Фото "22.jpg" загружено на локальный диск в папку /Users/sergeyvolodin/projects/python/vk_diploma/downloads 
2021-07-17 20:39:38.471007: Фото "41.jpg" загружено на локальный диск в папку /Users/sergeyvolodin/projects/python/vk_diploma/downloads 
2021-07-17 20:39:39.147035: Фото "37_2012-07-15.jpg" загружено на локальный диск в папку /Users/sergeyvolodin/projects/python/vk_diploma/downloads 
2021-07-17 20:39:39.549552: Фото "13.jpg" загружено на локальный диск в папку /Users/sergeyvolodin/projects/python/vk_diploma/downloads 
2021-07-17 20:39:40.026584: Фото "18.jpg" загружено на локальный диск в папку /Users/sergeyvolodin/projects/python/vk_diploma/downloads 
2021-07-17 20:39:40.971925: Фото "12.jpg" загружено на локальный диск в папку /Users/sergeyvolodin/projects/python/vk_diploma/downloads 
2021-07-17 20:39:41.570845: Фото "21.jpg" загружено на локальный диск в папку /Users/sergeyvolodin/projects/python/vk_diploma/downloads 
2021-07-17 20:39:46.014553: Фото "79.jpg" загружено на Yandex.Disk в папку test 
2021-07-17 20:39:48.154030: Фото "45.jpg" загружено на Yandex.Disk в папку test 
2021-07-17 20:39:56.556639: Фото "10.jpg" загружено на Yandex.Disk в папку test 
2021-07-17 20:39:59.226226: Фото "32.jpg" загружено на Yandex.Disk в папку test 
2021-07-17 20:40:01.775084: Фото "32_2015-01-14.jpg" загружено на Yandex.Disk в папку test 
